<component name="libraryTable">
  <library name="junit-platform-commons-1.9.1">
    <CLASSES>
      <root url="jar://D:/Games/junit-platform-commons-1.9.1.jar!/" />
    </CLASSES>
    <JAVADOC />
    <SOURCES />
  </library>
</component>