<component name="libraryTable">
  <library name="junit-jupiter-params-5.9.1">
    <CLASSES>
      <root url="jar://D:/Games/junit-jupiter-params-5.9.1.jar!/" />
    </CLASSES>
    <JAVADOC />
    <SOURCES />
  </library>
</component>